This is pdfTeX, Version 3.14159265-2.6-1.40.20 (TeX Live 2019/Debian) (preloaded format=pdflatex 2020.10.23)  25 MAR 2021 23:23
entering extended mode
 restricted \write18 enabled.
 %&-line parsing enabled.
**servlet.tex
(./servlet.tex
LaTeX2e <2020-02-02> patch level 2
L3 programming layer <2020-02-14>
(/usr/share/texlive/texmf-dist/tex/latex/base/article.cls
Document Class: article 2019/12/20 v1.4l Standard LaTeX document class
(/usr/share/texlive/texmf-dist/tex/latex/base/size12.clo
File: size12.clo 2019/12/20 v1.4l Standard LaTeX file (size option)
)
\c@part=\count167
\c@section=\count168
\c@subsection=\count169
\c@subsubsection=\count170
\c@paragraph=\count171
\c@subparagraph=\count172
\c@figure=\count173
\c@table=\count174
\abovecaptionskip=\skip47
\belowcaptionskip=\skip48
\bibindent=\dimen134
)
(/usr/share/texlive/texmf-dist/tex/latex/base/inputenc.sty
Package: inputenc 2018/08/11 v1.3c Input encoding file
\inpenc@prehook=\toks14
\inpenc@posthook=\toks15
)
(/usr/share/texlive/texmf-dist/tex/generic/babel/babel.sty
Package: babel 2020/02/14 3.40 The Babel package

(/usr/share/texlive/texmf-dist/tex/generic/babel/switch.def
File: switch.def 2020/02/14 3.40 Babel switching mechanism
)
(/usr/share/texlive/texmf-dist/tex/generic/babel-english/english.ldf
Language: english 2017/06/06 v3.3r English support from the babel system

(/usr/share/texlive/texmf-dist/tex/generic/babel/babel.def
File: babel.def 2020/02/14 3.40 Babel common definitions
\babel@savecnt=\count175
\U@D=\dimen135

(/usr/share/texlive/texmf-dist/tex/generic/babel/txtbabel.def)
\bbl@readstream=\read2
\bbl@dirlevel=\count176
)
Package babel Info: \l@british = using hyphenrules for english
(babel)             (\language0) on input line 82.
Package babel Info: \l@UKenglish = using hyphenrules for english
(babel)             (\language0) on input line 83.
Package babel Info: \l@canadian = using hyphenrules for english
(babel)             (\language0) on input line 102.
Package babel Info: \l@australian = using hyphenrules for english
(babel)             (\language0) on input line 105.
Package babel Info: \l@newzealand = using hyphenrules for english
(babel)             (\language0) on input line 108.
))
(/usr/share/texlive/texmf-dist/tex/latex/listings/listings.sty
(/usr/share/texlive/texmf-dist/tex/latex/graphics/keyval.sty
Package: keyval 2014/10/28 v1.15 key=value parser (DPC)
\KV@toks@=\toks16
)
\lst@mode=\count177
\lst@gtempboxa=\box45
\lst@token=\toks17
\lst@length=\count178
\lst@currlwidth=\dimen136
\lst@column=\count179
\lst@pos=\count180
\lst@lostspace=\dimen137
\lst@width=\dimen138
\lst@newlines=\count181
\lst@lineno=\count182
\lst@maxwidth=\dimen139

(/usr/share/texlive/texmf-dist/tex/latex/listings/lstmisc.sty
File: lstmisc.sty 2019/09/10 1.8c (Carsten Heinz)
\c@lstnumber=\count183
\lst@skipnumbers=\count184
\lst@framebox=\box46
)
(/usr/share/texlive/texmf-dist/tex/latex/listings/listings.cfg
File: listings.cfg 2019/09/10 1.8c listings configuration
))
Package: listings 2019/09/10 1.8c (Carsten Heinz)

(/usr/share/texlive/texmf-dist/tex/latex/xcolor/xcolor.sty
Package: xcolor 2016/05/11 v2.12 LaTeX color extensions (UK)

(/usr/share/texlive/texmf-dist/tex/latex/graphics-cfg/color.cfg
File: color.cfg 2016/01/02 v1.6 sample color configuration
)
Package xcolor Info: Driver file: pdftex.def on input line 225.

(/usr/share/texlive/texmf-dist/tex/latex/graphics-def/pdftex.def
File: pdftex.def 2018/01/08 v1.0l Graphics/color driver for pdftex
)
Package xcolor Info: Model `cmy' substituted by `cmy0' on input line 1348.
Package xcolor Info: Model `hsb' substituted by `rgb' on input line 1352.
Package xcolor Info: Model `RGB' extended on input line 1364.
Package xcolor Info: Model `HTML' substituted by `rgb' on input line 1366.
Package xcolor Info: Model `Hsb' substituted by `hsb' on input line 1367.
Package xcolor Info: Model `tHsb' substituted by `hsb' on input line 1368.
Package xcolor Info: Model `HSB' substituted by `hsb' on input line 1369.
Package xcolor Info: Model `Gray' substituted by `gray' on input line 1370.
Package xcolor Info: Model `wave' substituted by `hsb' on input line 1371.
)
(/usr/share/texlive/texmf-dist/tex/latex/graphics/graphicx.sty
Package: graphicx 2019/11/30 v1.2a Enhanced LaTeX Graphics (DPC,SPQR)

(/usr/share/texlive/texmf-dist/tex/latex/graphics/graphics.sty
Package: graphics 2019/11/30 v1.4a Standard LaTeX Graphics (DPC,SPQR)

(/usr/share/texlive/texmf-dist/tex/latex/graphics/trig.sty
Package: trig 2016/01/03 v1.10 sin cos tan (DPC)
)
(/usr/share/texlive/texmf-dist/tex/latex/graphics-cfg/graphics.cfg
File: graphics.cfg 2016/06/04 v1.11 sample graphics configuration
)
Package graphics Info: Driver file: pdftex.def on input line 105.
)
\Gin@req@height=\dimen140
\Gin@req@width=\dimen141
)
(/usr/share/texlive/texmf-dist/tex/latex/l3backend/l3backend-pdfmode.def
File: l3backend-pdfmode.def 2020-02-03 L3 backend support: PDF mode
\l__kernel_color_stack_int=\count185
\l__pdf_internal_box=\box47
)
(./servlet.aux)
\openout1 = `servlet.aux'.

LaTeX Font Info:    Checking defaults for OML/cmm/m/it on input line 40.
LaTeX Font Info:    ... okay on input line 40.
LaTeX Font Info:    Checking defaults for OMS/cmsy/m/n on input line 40.
LaTeX Font Info:    ... okay on input line 40.
LaTeX Font Info:    Checking defaults for OT1/cmr/m/n on input line 40.
LaTeX Font Info:    ... okay on input line 40.
LaTeX Font Info:    Checking defaults for T1/cmr/m/n on input line 40.
LaTeX Font Info:    ... okay on input line 40.
LaTeX Font Info:    Checking defaults for TS1/cmr/m/n on input line 40.
LaTeX Font Info:    ... okay on input line 40.
LaTeX Font Info:    Checking defaults for OMX/cmex/m/n on input line 40.
LaTeX Font Info:    ... okay on input line 40.
LaTeX Font Info:    Checking defaults for U/cmr/m/n on input line 40.
LaTeX Font Info:    ... okay on input line 40.
\c@lstlisting=\count186

(/usr/share/texlive/texmf-dist/tex/context/base/mkii/supp-pdf.mkii
[Loading MPS to PDF converter (version 2006.09.02).]
\scratchcounter=\count187
\scratchdimen=\dimen142
\scratchbox=\box48
\nofMPsegments=\count188
\nofMParguments=\count189
\everyMPshowfont=\toks18
\MPscratchCnt=\count190
\MPscratchDim=\dimen143
\MPnumerator=\count191
\makeMPintoPDFobject=\count192
\everyMPtoPDFconversion=\toks19
) (/usr/share/texlive/texmf-dist/tex/latex/epstopdf-pkg/epstopdf-base.sty
Package: epstopdf-base 2020-01-24 v2.11 Base part for package epstopdf
Package epstopdf-base Info: Redefining graphics rule for `.eps' on input line 4
85.

(/usr/share/texlive/texmf-dist/tex/latex/latexconfig/epstopdf-sys.cfg
File: epstopdf-sys.cfg 2010/07/13 v1.3 Configuration of (r)epstopdf for TeX Liv
e
))
LaTeX Font Info:    External font `cmex10' loaded for size
(Font)              <14.4> on input line 41.
LaTeX Font Info:    External font `cmex10' loaded for size
(Font)              <7> on input line 41.

(/usr/share/texlive/texmf-dist/tex/latex/listings/lstlang1.sty
File: lstlang1.sty 2019/09/10 1.8c listings language file
)
(/usr/share/texlive/texmf-dist/tex/latex/listings/lstmisc.sty
File: lstmisc.sty 2019/09/10 1.8c (Carsten Heinz)
)
(./employee/index.html [1

{/var/lib/texmf/fonts/map/pdftex/updmap/pdftex.map}]
[2] [3]) (./employee/styles.css [4]) (./employee/script.js)
(/usr/share/texlive/texmf-dist/tex/latex/listings/lstlang1.sty
File: lstlang1.sty 2019/09/10 1.8c listings language file
)
(./employee/Servlet.java [5]) (./employee/styles_servlet.css [6])
(/usr/share/texlive/texmf-dist/tex/latex/listings/lstlang1.sty
File: lstlang1.sty 2019/09/10 1.8c listings language file
)
(./employee/WEB-INF/web.xml) [7]
<Pics/reg1.png, id=29, 1364.09625pt x 648.4225pt>
File: Pics/reg1.png Graphic file (type png)
<use Pics/reg1.png>
Package pdftex.def Info: Pics/reg1.png  used on input line 95.
(pdftex.def)             Requested size: 390.0pt x 185.38608pt.
<Pics/reg2.png, id=31, 1352.05125pt x 664.4825pt>
File: Pics/reg2.png Graphic file (type png)
<use Pics/reg2.png>
Package pdftex.def Info: Pics/reg2.png  used on input line 99.
(pdftex.def)             Requested size: 390.0pt x 191.67093pt.
 [8 <./Pics/reg1.png> <./Pics/reg2.png>]
(./PMS/index.html [9]) (./PMS/styles.css [10]) (./PMS/script.js)
(./PMS/homepage.html [11]) (./PMS/styles_home.css [12]) (./PMS/add.html
[13] [14]) (./PMS/styles_add.css [15]) (./PMS/AddServlet.java
LaTeX Font Info:    Trying to load font information for TS1+cmtt on input line 
14.

(/usr/share/texlive/texmf-dist/tex/latex/base/ts1cmtt.fd
File: ts1cmtt.fd 2019/12/16 v2.5j Standard LaTeX font definitions
) [16])
(./PMS/update.html [17] [18]) (./PMS/styles_update.css)
(./PMS/UpdateServlet.java [19] [20]) (./PMS/delete.html [21])
(./PMS/styles_delete.css) (./PMS/DeleteServlet.java [22] [23]) (./PMS/view.html
[24]) (./PMS/styles_view.css) [25] (./PMS/ViewServlet.java [26])
(./PMS/search.html [27]) (./PMS/styles_search.css [28])
(./PMS/SearchServlet.java [29]) (./PMS/WEB-INF/web.xml [30] [31]) [32]
<Pics/login.png, id=114, 1356.06625pt x 511.9125pt>
File: Pics/login.png Graphic file (type png)
<use Pics/login.png>
Package pdftex.def Info: Pics/login.png  used on input line 231.
(pdftex.def)             Requested size: 390.0pt x 147.21666pt.
<Pics/home.png, id=115, 1337.99875pt x 565.11125pt>
File: Pics/home.png Graphic file (type png)
<use Pics/home.png>
Package pdftex.def Info: Pics/home.png  used on input line 237.
(pdftex.def)             Requested size: 390.0pt x 164.71448pt.
 [33 <./Pics/login.png> <./Pics/home.png>]
<Pics/add1.png, id=121, 1342.01375pt x 644.4075pt>
File: Pics/add1.png Graphic file (type png)
<use Pics/add1.png>
Package pdftex.def Info: Pics/add1.png  used on input line 243.
(pdftex.def)             Requested size: 390.0pt x 187.2667pt.
<Pics/add2.png, id=122, 1319.93124pt x 508.90125pt>
File: Pics/add2.png Graphic file (type png)
<use Pics/add2.png>
Package pdftex.def Info: Pics/add2.png  used on input line 247.
(pdftex.def)             Requested size: 390.0pt x 150.36528pt.
<Pics/add3.png, id=123, 1341.01pt x 453.695pt>
File: Pics/add3.png Graphic file (type png)
<use Pics/add3.png>
Package pdftex.def Info: Pics/add3.png  used on input line 251.
(pdftex.def)             Requested size: 390.0pt x 131.942pt.


LaTeX Warning: `!h' float specifier changed to `!ht'.

[34 <./Pics/add1.png> <./Pics/add2.png>]
<Pics/update1.png, id=129, 1317.92375pt x 589.20125pt>
File: Pics/update1.png Graphic file (type png)
<use Pics/update1.png>
Package pdftex.def Info: Pics/update1.png  used on input line 257.
(pdftex.def)             Requested size: 390.0pt x 174.35228pt.
<Pics/update2.png, id=130, 1302.8675pt x 522.95375pt>
File: Pics/update2.png Graphic file (type png)
<use Pics/update2.png>
Package pdftex.def Info: Pics/update2.png  used on input line 261.
(pdftex.def)             Requested size: 390.0pt x 156.53622pt.


LaTeX Warning: `!h' float specifier changed to `!ht'.

<Pics/update3.png, id=131, 1337.99875pt x 530.98375pt>
File: Pics/update3.png Graphic file (type png)
<use Pics/update3.png>
Package pdftex.def Info: Pics/update3.png  used on input line 265.
(pdftex.def)             Requested size: 390.0pt x 154.76724pt.

LaTeX Warning: `!h' float specifier changed to `!ht'.

[35 <./Pics/add3.png> <./Pics/update1.png>]
<Pics/delete1.png, id=137, 1322.9425pt x 461.725pt>
File: Pics/delete1.png Graphic file (type png)
<use Pics/delete1.png>
Package pdftex.def Info: Pics/delete1.png  used on input line 271.
(pdftex.def)             Requested size: 390.0pt x 136.10905pt.


LaTeX Warning: `h' float specifier changed to `ht'.

<Pics/delete2.png, id=138, 1310.8975pt x 544.0325pt>
File: Pics/delete2.png Graphic file (type png)
<use Pics/delete2.png>
Package pdftex.def Info: Pics/delete2.png  used on input line 275.
(pdftex.def)             Requested size: 390.0pt x 161.8496pt.

LaTeX Warning: `!h' float specifier changed to `!ht'.

<Pics/delete3.png, id=139, 1321.93875pt x 519.9425pt>
File: Pics/delete3.png Graphic file (type png)
<use Pics/delete3.png>
Package pdftex.def Info: Pics/delete3.png  used on input line 279.
(pdftex.def)             Requested size: 390.0pt x 153.38963pt.

LaTeX Warning: `!h' float specifier changed to `!ht'.

[36 <./Pics/update2.png> <./Pics/update3.png>]
<Pics/view1.png, id=145, 1289.81876pt x 511.9125pt>
File: Pics/view1.png Graphic file (type png)
<use Pics/view1.png>
Package pdftex.def Info: Pics/view1.png  used on input line 285.
(pdftex.def)             Requested size: 390.0pt x 154.78566pt.


LaTeX Warning: `h' float specifier changed to `ht'.

<Pics/view2.png, id=146, 1347.0325pt x 530.98375pt>
File: Pics/view2.png Graphic file (type png)
<use Pics/view2.png>
Package pdftex.def Info: Pics/view2.png  used on input line 289.
(pdftex.def)             Requested size: 390.0pt x 153.73016pt.

LaTeX Warning: `!h' float specifier changed to `!ht'.

[37 <./Pics/delete1.png> <./Pics/delete2.png> <./Pics/delete3.png>]
<Pics/search1.png, id=154, 1329.96875pt x 526.96875pt>
File: Pics/search1.png Graphic file (type png)
<use Pics/search1.png>
Package pdftex.def Info: Pics/search1.png  used on input line 295.
(pdftex.def)             Requested size: 390.0pt x 154.52972pt.


LaTeX Warning: `h' float specifier changed to `ht'.

<Pics/search2.png, id=155, 589.20125pt x 277.035pt>
File: Pics/search2.png Graphic file (type png)
<use Pics/search2.png>
Package pdftex.def Info: Pics/search2.png  used on input line 299.
(pdftex.def)             Requested size: 390.0pt x 183.37628pt.

LaTeX Warning: `!h' float specifier changed to `!ht'.

[38 <./Pics/view1.png> <./Pics/view2.png>]
LaTeX Font Info:    External font `cmex10' loaded for size
(Font)              <12> on input line 308.
LaTeX Font Info:    External font `cmex10' loaded for size
(Font)              <8> on input line 308.
LaTeX Font Info:    External font `cmex10' loaded for size
(Font)              <6> on input line 308.


LaTeX Warning: Command \textendash invalid in math mode on input line 308.


LaTeX Warning: Command \textendash invalid in math mode on input line 309.


LaTeX Warning: Command \textendash invalid in math mode on input line 310.


LaTeX Warning: Command \textendash invalid in math mode on input line 311.

[39 <./Pics/search1.png> <./Pics/search2.png>]

LaTeX Warning: Command \textendash invalid in math mode on input line 312.

[40] (./servlet.aux) ) 
Here is how much of TeX's memory you used:
 4498 strings out of 483183
 61238 string characters out of 5966291
 753353 words of memory out of 5000000
 19394 multiletter control sequences out of 15000+600000
 538447 words of font info for 45 fonts, out of 8000000 for 9000
 14 hyphenation exceptions out of 8191
 30i,6n,53p,658b,1982s stack positions out of 5000i,500n,10000p,200000b,80000s
 </home/shivanirudh/.texlive2019/texmf-var/fonts/pk/ljfou
r/jknappen/ec/tctt1000.600pk></usr/share/texlive/texmf-dist/fonts/type1/public/
amsfonts/cm/cmbx12.pfb></usr/share/texlive/texmf-dist/fonts/type1/public/amsfon
ts/cm/cmr12.pfb></usr/share/texlive/texmf-dist/fonts/type1/public/amsfonts/cm/c
mr6.pfb></usr/share/texlive/texmf-dist/fonts/type1/public/amsfonts/cm/cmtt10.pf
b>
Output written on servlet.pdf (40 pages, 712544 bytes).
PDF statistics:
 191 PDF objects out of 1000 (max. 8388607)
 108 compressed objects within 2 object streams
 0 named destinations out of 1000 (max. 500000)
 86 words of extra memory for PDF output out of 10000 (max. 10000000)

