This is pdfTeX, Version 3.14159265-2.6-1.40.20 (TeX Live 2019/Debian) (preloaded format=pdflatex 2020.10.23)  4 FEB 2021 14:48
entering extended mode
 restricted \write18 enabled.
 %&-line parsing enabled.
**website.tex
(./website.tex
LaTeX2e <2020-02-02> patch level 2
L3 programming layer <2020-02-14>
(/usr/share/texlive/texmf-dist/tex/latex/base/article.cls
Document Class: article 2019/12/20 v1.4l Standard LaTeX document class
(/usr/share/texlive/texmf-dist/tex/latex/base/size12.clo
File: size12.clo 2019/12/20 v1.4l Standard LaTeX file (size option)
)
\c@part=\count167
\c@section=\count168
\c@subsection=\count169
\c@subsubsection=\count170
\c@paragraph=\count171
\c@subparagraph=\count172
\c@figure=\count173
\c@table=\count174
\abovecaptionskip=\skip47
\belowcaptionskip=\skip48
\bibindent=\dimen134
)
(/usr/share/texlive/texmf-dist/tex/latex/base/inputenc.sty
Package: inputenc 2018/08/11 v1.3c Input encoding file
\inpenc@prehook=\toks14
\inpenc@posthook=\toks15
)
(/usr/share/texlive/texmf-dist/tex/generic/babel/babel.sty
Package: babel 2020/02/14 3.40 The Babel package

(/usr/share/texlive/texmf-dist/tex/generic/babel/switch.def
File: switch.def 2020/02/14 3.40 Babel switching mechanism
)
(/usr/share/texlive/texmf-dist/tex/generic/babel-english/english.ldf
Language: english 2017/06/06 v3.3r English support from the babel system

(/usr/share/texlive/texmf-dist/tex/generic/babel/babel.def
File: babel.def 2020/02/14 3.40 Babel common definitions
\babel@savecnt=\count175
\U@D=\dimen135

(/usr/share/texlive/texmf-dist/tex/generic/babel/txtbabel.def)
\bbl@readstream=\read2
\bbl@dirlevel=\count176
)
Package babel Info: \l@british = using hyphenrules for english
(babel)             (\language0) on input line 82.
Package babel Info: \l@UKenglish = using hyphenrules for english
(babel)             (\language0) on input line 83.
Package babel Info: \l@canadian = using hyphenrules for english
(babel)             (\language0) on input line 102.
Package babel Info: \l@australian = using hyphenrules for english
(babel)             (\language0) on input line 105.
Package babel Info: \l@newzealand = using hyphenrules for english
(babel)             (\language0) on input line 108.
))
(/usr/share/texlive/texmf-dist/tex/latex/listings/listings.sty
(/usr/share/texlive/texmf-dist/tex/latex/graphics/keyval.sty
Package: keyval 2014/10/28 v1.15 key=value parser (DPC)
\KV@toks@=\toks16
)
\lst@mode=\count177
\lst@gtempboxa=\box45
\lst@token=\toks17
\lst@length=\count178
\lst@currlwidth=\dimen136
\lst@column=\count179
\lst@pos=\count180
\lst@lostspace=\dimen137
\lst@width=\dimen138
\lst@newlines=\count181
\lst@lineno=\count182
\lst@maxwidth=\dimen139

(/usr/share/texlive/texmf-dist/tex/latex/listings/lstmisc.sty
File: lstmisc.sty 2019/09/10 1.8c (Carsten Heinz)
\c@lstnumber=\count183
\lst@skipnumbers=\count184
\lst@framebox=\box46
)
(/usr/share/texlive/texmf-dist/tex/latex/listings/listings.cfg
File: listings.cfg 2019/09/10 1.8c listings configuration
))
Package: listings 2019/09/10 1.8c (Carsten Heinz)

(/usr/share/texlive/texmf-dist/tex/latex/xcolor/xcolor.sty
Package: xcolor 2016/05/11 v2.12 LaTeX color extensions (UK)

(/usr/share/texlive/texmf-dist/tex/latex/graphics-cfg/color.cfg
File: color.cfg 2016/01/02 v1.6 sample color configuration
)
Package xcolor Info: Driver file: pdftex.def on input line 225.

(/usr/share/texlive/texmf-dist/tex/latex/graphics-def/pdftex.def
File: pdftex.def 2018/01/08 v1.0l Graphics/color driver for pdftex
)
Package xcolor Info: Model `cmy' substituted by `cmy0' on input line 1348.
Package xcolor Info: Model `hsb' substituted by `rgb' on input line 1352.
Package xcolor Info: Model `RGB' extended on input line 1364.
Package xcolor Info: Model `HTML' substituted by `rgb' on input line 1366.
Package xcolor Info: Model `Hsb' substituted by `hsb' on input line 1367.
Package xcolor Info: Model `tHsb' substituted by `hsb' on input line 1368.
Package xcolor Info: Model `HSB' substituted by `hsb' on input line 1369.
Package xcolor Info: Model `Gray' substituted by `gray' on input line 1370.
Package xcolor Info: Model `wave' substituted by `hsb' on input line 1371.
)
(/usr/share/texlive/texmf-dist/tex/latex/graphics/graphicx.sty
Package: graphicx 2019/11/30 v1.2a Enhanced LaTeX Graphics (DPC,SPQR)

(/usr/share/texlive/texmf-dist/tex/latex/graphics/graphics.sty
Package: graphics 2019/11/30 v1.4a Standard LaTeX Graphics (DPC,SPQR)

(/usr/share/texlive/texmf-dist/tex/latex/graphics/trig.sty
Package: trig 2016/01/03 v1.10 sin cos tan (DPC)
)
(/usr/share/texlive/texmf-dist/tex/latex/graphics-cfg/graphics.cfg
File: graphics.cfg 2016/06/04 v1.11 sample graphics configuration
)
Package graphics Info: Driver file: pdftex.def on input line 105.
)
\Gin@req@height=\dimen140
\Gin@req@width=\dimen141
)
(/usr/share/texlive/texmf-dist/tex/latex/l3backend/l3backend-pdfmode.def
File: l3backend-pdfmode.def 2020-02-03 L3 backend support: PDF mode
\l__kernel_color_stack_int=\count185
\l__pdf_internal_box=\box47
)
(./website.aux)
\openout1 = `website.aux'.

LaTeX Font Info:    Checking defaults for OML/cmm/m/it on input line 40.
LaTeX Font Info:    ... okay on input line 40.
LaTeX Font Info:    Checking defaults for OMS/cmsy/m/n on input line 40.
LaTeX Font Info:    ... okay on input line 40.
LaTeX Font Info:    Checking defaults for OT1/cmr/m/n on input line 40.
LaTeX Font Info:    ... okay on input line 40.
LaTeX Font Info:    Checking defaults for T1/cmr/m/n on input line 40.
LaTeX Font Info:    ... okay on input line 40.
LaTeX Font Info:    Checking defaults for TS1/cmr/m/n on input line 40.
LaTeX Font Info:    ... okay on input line 40.
LaTeX Font Info:    Checking defaults for OMX/cmex/m/n on input line 40.
LaTeX Font Info:    ... okay on input line 40.
LaTeX Font Info:    Checking defaults for U/cmr/m/n on input line 40.
LaTeX Font Info:    ... okay on input line 40.
\c@lstlisting=\count186

(/usr/share/texlive/texmf-dist/tex/context/base/mkii/supp-pdf.mkii
[Loading MPS to PDF converter (version 2006.09.02).]
\scratchcounter=\count187
\scratchdimen=\dimen142
\scratchbox=\box48
\nofMPsegments=\count188
\nofMParguments=\count189
\everyMPshowfont=\toks18
\MPscratchCnt=\count190
\MPscratchDim=\dimen143
\MPnumerator=\count191
\makeMPintoPDFobject=\count192
\everyMPtoPDFconversion=\toks19
) (/usr/share/texlive/texmf-dist/tex/latex/epstopdf-pkg/epstopdf-base.sty
Package: epstopdf-base 2020-01-24 v2.11 Base part for package epstopdf
Package epstopdf-base Info: Redefining graphics rule for `.eps' on input line 4
85.

(/usr/share/texlive/texmf-dist/tex/latex/latexconfig/epstopdf-sys.cfg
File: epstopdf-sys.cfg 2010/07/13 v1.3 Configuration of (r)epstopdf for TeX Liv
e
))
LaTeX Font Info:    External font `cmex10' loaded for size
(Font)              <14.4> on input line 41.
LaTeX Font Info:    External font `cmex10' loaded for size
(Font)              <7> on input line 41.

(/usr/share/texlive/texmf-dist/tex/latex/listings/lstlang1.sty
File: lstlang1.sty 2019/09/10 1.8c listings language file
)
(/usr/share/texlive/texmf-dist/tex/latex/listings/lstmisc.sty
File: lstmisc.sty 2019/09/10 1.8c (Carsten Heinz)
) (./index.html
[1

{/var/lib/texmf/fonts/map/pdftex/updmap/pdftex.map}] [2] [3])
(./committee.html [4] [5] [6]) (./paper.html [7] [8] [9]) (./dates.html
[10] [11] [12]) (./workshops.html [13] [14]) (./registration.html [15] [16]
[17]) [18] (./contact.html [19] [20]) [21]
<Pics/Home.png, id=73, 1348.03625pt x 666.49pt>
File: Pics/Home.png Graphic file (type png)
<use Pics/Home.png>
Package pdftex.def Info: Pics/Home.png  used on input line 99.
(pdftex.def)             Requested size: 390.0pt x 192.8195pt.
 [22 <./Pics/Home.png>]
<Pics/Committee.png, id=79, 1347.0325pt x 666.49pt>
File: Pics/Committee.png Graphic file (type png)
<use Pics/Committee.png>
Package pdftex.def Info: Pics/Committee.png  used on input line 106.
(pdftex.def)             Requested size: 390.0pt x 192.96188pt.
 [23 <./Pics/Committee.png>]
<Pics/Papers.png, id=84, 1352.05125pt x 668.4975pt>
File: Pics/Papers.png Graphic file (type png)
<use Pics/Papers.png>
Package pdftex.def Info: Pics/Papers.png  used on input line 113.
(pdftex.def)             Requested size: 390.0pt x 192.82906pt.
 [24 <./Pics/Papers.png>]
<Pics/Dates.png, id=89, 1347.0325pt x 663.47874pt>
File: Pics/Dates.png Graphic file (type png)
<use Pics/Dates.png>
Package pdftex.def Info: Pics/Dates.png  used on input line 120.
(pdftex.def)             Requested size: 390.0pt x 192.09006pt.
 [25 <./Pics/Dates.png>]
<Pics/Workshops.png, id=95, 1353.055pt x 658.46pt>
File: Pics/Workshops.png Graphic file (type png)
<use Pics/Workshops.png>
Package pdftex.def Info: Pics/Workshops.png  used on input line 127.
(pdftex.def)             Requested size: 390.0pt x 189.79308pt.
 [26 <./Pics/Workshops.png>]
<Pics/Registration.png, id=100, 1345.025pt x 665.48625pt>
File: Pics/Registration.png Graphic file (type png)
<use Pics/Registration.png>
Package pdftex.def Info: Pics/Registration.png  used on input line 134.
(pdftex.def)             Requested size: 390.0pt x 192.96576pt.
 [27 <./Pics/Registration.png>]
<Pics/Contact.png, id=105, 1354.05875pt x 665.48625pt>
File: Pics/Contact.png Graphic file (type png)
<use Pics/Contact.png>
Package pdftex.def Info: Pics/Contact.png  used on input line 141.
(pdftex.def)             Requested size: 390.0pt x 191.67613pt.
LaTeX Font Info:    External font `cmex10' loaded for size
(Font)              <12> on input line 148.
LaTeX Font Info:    External font `cmex10' loaded for size
(Font)              <8> on input line 148.
LaTeX Font Info:    External font `cmex10' loaded for size
(Font)              <6> on input line 148.


LaTeX Warning: Command \textendash invalid in math mode on input line 148.


LaTeX Warning: Command \textendash invalid in math mode on input line 149.


LaTeX Warning: Command \textendash invalid in math mode on input line 150.

[28 <./Pics/Contact.png>] (./website.aux) ) 
Here is how much of TeX's memory you used:
 4355 strings out of 483183
 58353 string characters out of 5966291
 720727 words of memory out of 5000000
 19333 multiletter control sequences out of 15000+600000
 538150 words of font info for 44 fonts, out of 8000000 for 9000
 14 hyphenation exceptions out of 8191
 30i,6n,53p,903b,2138s stack positions out of 5000i,500n,10000p,200000b,80000s
</usr/share/texlive/texmf-dist/fonts
/type1/public/amsfonts/cm/cmbx12.pfb></usr/share/texlive/texmf-dist/fonts/type1
/public/amsfonts/cm/cmr12.pfb></usr/share/texlive/texmf-dist/fonts/type1/public
/amsfonts/cm/cmr6.pfb></usr/share/texlive/texmf-dist/fonts/type1/public/amsfont
s/cm/cmtt10.pfb>
Output written on website.pdf (28 pages, 7846272 bytes).
PDF statistics:
 125 PDF objects out of 1000 (max. 8388607)
 76 compressed objects within 1 object stream
 0 named destinations out of 1000 (max. 500000)
 36 words of extra memory for PDF output out of 10000 (max. 10000000)

